<?xml version="1.0" encoding="UTF-8"?>
<!-- Generated by org.testng.reporters.JUnitXMLReporter -->
<testsuite hostname="Admin-PC" name="Default test" tests="5" failures="0" timestamp="28 Jul 2018 10:48:25 GMT" time="188.814" errors="0">
  <testcase name="validateCreatenewContact" time="6.008" classname="com.crm.testcases.ContactsPageTest"/>
  <testcase name="validateCreatenewContact" time="5.636" classname="com.crm.testcases.ContactsPageTest"/>
  <testcase name="validateCreatenewContact" time="5.141" classname="com.crm.testcases.ContactsPageTest"/>
  <testcase name="selectSingleContactTest" time="3.425" classname="com.crm.testcases.ContactsPageTest"/>
  <testcase name="selectMultipleContactTest" time="3.262" classname="com.crm.testcases.ContactsPageTest"/>
</testsuite> <!-- Default test -->
