<?xml version="1.0" encoding="UTF-8"?>
<!-- Generated by org.testng.reporters.JUnitXMLReporter -->
<testsuite hostname="Admin-PC" name="Test" tests="4" failures="0" timestamp="21 Jul 2018 11:36:31 GMT" time="158.356" errors="0">
  <testcase name="verifyHomePageTitleTest" time="0.071" classname="com.crm.testcases.HomePageTest"/>
  <testcase name="verifyUserNameTest" time="25.887" classname="com.crm.testcases.HomePageTest"/>
  <testcase name="verifyContactsLinkTest" time="0.787" classname="com.crm.testcases.HomePageTest"/>
  <testcase name="loginTest" time="16.683" classname="com.crm.testcases.LoginPageTest"/>
</testsuite> <!-- Test -->
