<?xml version="1.0" encoding="UTF-8"?>
<!-- Generated by org.testng.reporters.JUnitXMLReporter -->
<testsuite hostname="Admin-PC" name="Command line test" tests="11" failures="1" timestamp="5 Aug 2018 10:52:00 GMT" time="434.263" errors="0">
  <testcase name="validateCreatenewContact" time="16.624" classname="com.crm.testcases.ContactsPageTest"/>
  <testcase name="validateCreatenewContact" time="5.371" classname="com.crm.testcases.ContactsPageTest"/>
  <testcase name="validateCreatenewContact" time="8.507" classname="com.crm.testcases.ContactsPageTest"/>
  <testcase name="selectSingleContactTest" time="2.903" classname="com.crm.testcases.ContactsPageTest"/>
  <testcase name="verifyHomePageTitleTest" time="0.07" classname="com.crm.testcases.HomePageTest"/>
  <testcase name="loginPageTitle" time="0.455" classname="com.crm.testcases.LoginPageTest">
    <failure type="java.lang.AssertionError" message="expected [#1 Free CRM for Any Business: Online Customer Relationship Software failing intentinally.] but found [#1 Free CRM software in the cloud for sales and service]">
      <![CDATA[java.lang.AssertionError: expected [#1 Free CRM for Any Business: Online Customer Relationship Software failing intentinally.] but found [#1 Free CRM software in the cloud for sales and service]
	at com.crm.testcases.LoginPageTest.loginPageTitle(LoginPageTest.java:51)
	at org.apache.maven.surefire.testng.TestNGExecutor.run(TestNGExecutor.java:77)
	at org.apache.maven.surefire.testng.TestNGDirectoryTestSuite.executeMulti(TestNGDirectoryTestSuite.java:159)
	at org.apache.maven.surefire.testng.TestNGDirectoryTestSuite.execute(TestNGDirectoryTestSuite.java:99)
	at org.apache.maven.surefire.testng.TestNGProvider.invoke(TestNGProvider.java:106)
	at org.apache.maven.surefire.util.ReflectionUtils.invokeMethodWithArray(ReflectionUtils.java:189)
	at org.apache.maven.surefire.booter.ProviderFactory$ProviderProxy.invoke(ProviderFactory.java:165)
	at org.apache.maven.surefire.booter.ProviderFactory.invokeProvider(ProviderFactory.java:85)
	at org.apache.maven.surefire.booter.ForkedBooter.runSuitesInProcess(ForkedBooter.java:115)
	at org.apache.maven.surefire.booter.ForkedBooter.main(ForkedBooter.java:75)
... Removed 30 stack frames]]>
    </failure>
  </testcase> <!-- loginPageTitle -->
  <testcase name="selectMultipleContactTest" time="4.474" classname="com.crm.testcases.ContactsPageTest"/>
  <testcase name="verifyUserNameTest" time="0.311" classname="com.crm.testcases.HomePageTest"/>
  <testcase name="crmLogoImageTest" time="0.783" classname="com.crm.testcases.LoginPageTest"/>
  <testcase name="verifyContactsLinkTest" time="0.483" classname="com.crm.testcases.HomePageTest"/>
  <testcase name="loginTest" time="15.893" classname="com.crm.testcases.LoginPageTest"/>
</testsuite> <!-- Command line test -->
