<?xml version="1.0" encoding="UTF-8" ?>
<testsuite tests="11" failures="2" name="TestSuite" time="105.374" errors="0" skipped="0">
  <properties>
[...]
</properties>
  <testcase classname="com.crm.testcases.ContactsPageTest" name="validateCreatenewContact" time="17.252"/>
  <testcase classname="com.crm.testcases.ContactsPageTest" name="validateCreatenewContact" time="14.202"/>
  <testcase classname="com.crm.testcases.ContactsPageTest" name="validateCreatenewContact" time="28.741">
    <failure message="Element is not currently visible and so may not be interacted with
Command duration or timeout: 20.18 seconds
Build info: version: &apos;2.53.1&apos;, revision: &apos;a36b8b1cd5757287168e54b817830adce9b0158d&apos;, time: &apos;2016-06-30 19:26:09&apos;
System info: host: &apos;Admin-PC&apos;, ip: &apos;192.168.1.6&apos;, os.name: &apos;Windows 10&apos;, os.arch: &apos;x86&apos;, os.version: &apos;10.0&apos;, java.version: &apos;1.8.0_131&apos;
Driver info: org.openqa.selenium.firefox.FirefoxDriver
Capabilities [{applicationCacheEnabled=true, rotatable=false, handlesAlerts=true, databaseEnabled=true, version=47.0.1, platform=WINDOWS, nativeEvents=false, acceptSslCerts=true, webStorageEnabled=true, locationContextEnabled=true, browserName=firefox, takesScreenshot=true, javascriptEnabled=true, cssSelectorsEnabled=true}]
Session ID: dd042b29-a1ee-4401-b1ff-8817c95536b9" type="org.openqa.selenium.ElementNotVisibleException">org.openqa.selenium.ElementNotVisibleException: Element is not currently visible and so may not be interacted with
Command duration or timeout: 20.18 seconds
Build info: version: &apos;2.53.1&apos;, revision: &apos;a36b8b1cd5757287168e54b817830adce9b0158d&apos;, time: &apos;2016-06-30 19:26:09&apos;
System info: host: &apos;Admin-PC&apos;, ip: &apos;192.168.1.6&apos;, os.name: &apos;Windows 10&apos;, os.arch: &apos;x86&apos;, os.version: &apos;10.0&apos;, java.version: &apos;1.8.0_131&apos;
Driver info: org.openqa.selenium.firefox.FirefoxDriver
Capabilities [{applicationCacheEnabled=true, rotatable=false, handlesAlerts=true, databaseEnabled=true, version=47.0.1, platform=WINDOWS, nativeEvents=false, acceptSslCerts=true, webStorageEnabled=true, locationContextEnabled=true, browserName=firefox, takesScreenshot=true, javascriptEnabled=true, cssSelectorsEnabled=true}]
Session ID: dd042b29-a1ee-4401-b1ff-8817c95536b9
	at sun.reflect.NativeConstructorAccessorImpl.newInstance0(Native Method)
	at sun.reflect.NativeConstructorAccessorImpl.newInstance(NativeConstructorAccessorImpl.java:62)
	at sun.reflect.DelegatingConstructorAccessorImpl.newInstance(DelegatingConstructorAccessorImpl.java:45)
	at java.lang.reflect.Constructor.newInstance(Constructor.java:423)
	at org.openqa.selenium.remote.ErrorHandler.createThrowable(ErrorHandler.java:206)
	at org.openqa.selenium.remote.ErrorHandler.throwIfResponseFailed(ErrorHandler.java:158)
	at org.openqa.selenium.remote.RemoteWebDriver.execute(RemoteWebDriver.java:678)
	at org.openqa.selenium.remote.RemoteWebElement.execute(RemoteWebElement.java:327)
	at org.openqa.selenium.remote.RemoteWebElement.click(RemoteWebElement.java:85)
	at sun.reflect.GeneratedMethodAccessor6.invoke(Unknown Source)
	at sun.reflect.DelegatingMethodAccessorImpl.invoke(DelegatingMethodAccessorImpl.java:43)
	at java.lang.reflect.Method.invoke(Method.java:498)
	at org.openqa.selenium.support.events.EventFiringWebDriver$EventFiringWebElement$1.invoke(EventFiringWebDriver.java:335)
	at com.sun.proxy.$Proxy9.click(Unknown Source)
	at org.openqa.selenium.support.events.EventFiringWebDriver$EventFiringWebElement.click(EventFiringWebDriver.java:348)
	at sun.reflect.GeneratedMethodAccessor6.invoke(Unknown Source)
	at sun.reflect.DelegatingMethodAccessorImpl.invoke(DelegatingMethodAccessorImpl.java:43)
	at java.lang.reflect.Method.invoke(Method.java:498)
	at org.openqa.selenium.support.pagefactory.internal.LocatingElementHandler.invoke(LocatingElementHandler.java:51)
	at com.sun.proxy.$Proxy8.click(Unknown Source)
	at com.crm.qa.pages.HomePage.clickOnNewContactLink(HomePage.java:89)
	at com.crm.testcases.ContactsPageTest.validateCreatenewContact(ContactsPageTest.java:53)
Caused by: org.openqa.selenium.ElementNotVisibleException: Element is not currently visible and so may not be interacted with
Build info: version: &apos;2.53.1&apos;, revision: &apos;a36b8b1cd5757287168e54b817830adce9b0158d&apos;, time: &apos;2016-06-30 19:26:09&apos;
System info: host: &apos;Admin-PC&apos;, ip: &apos;192.168.1.6&apos;, os.name: &apos;Windows 10&apos;, os.arch: &apos;x86&apos;, os.version: &apos;10.0&apos;, java.version: &apos;1.8.0_131&apos;
Driver info: driver.version: unknown
	at &lt;anonymous class&gt;.fxdriver.preconditions.visible(file:///C:/Users/Admin/AppData/Local/Temp/anonymous8924770469898094922webdriver-profile/extensions/fxdriver@googlecode.com/components/command-processor.js:10092)
	at &lt;anonymous class&gt;.DelayedCommand.prototype.checkPreconditions_(file:///C:/Users/Admin/AppData/Local/Temp/anonymous8924770469898094922webdriver-profile/extensions/fxdriver@googlecode.com/components/command-processor.js:12644)
	at &lt;anonymous class&gt;.DelayedCommand.prototype.executeInternal_/h(file:///C:/Users/Admin/AppData/Local/Temp/anonymous8924770469898094922webdriver-profile/extensions/fxdriver@googlecode.com/components/command-processor.js:12661)
	at &lt;anonymous class&gt;.fxdriver.Timer.prototype.setTimeout/&lt;.notify(file:///C:/Users/Admin/AppData/Local/Temp/anonymous8924770469898094922webdriver-profile/extensions/fxdriver@googlecode.com/components/command-processor.js:625)
</failure>
    <system-out>Before naivgating to --&apos;https://www.freecrm.com&apos;
Naivgated to --&apos;https://www.freecrm.com&apos;
Value of the element: [[FirefoxDriver: firefox on WINDOWS (dd042b29-a1ee-4401-b1ff-8817c95536b9)] -&gt; name: username] before  any changes made.
Element value changed to --[[FirefoxDriver: firefox on WINDOWS (dd042b29-a1ee-4401-b1ff-8817c95536b9)] -&gt; name: username]
Value of the element: [[FirefoxDriver: firefox on WINDOWS (dd042b29-a1ee-4401-b1ff-8817c95536b9)] -&gt; name: password] before  any changes made.
Element value changed to --[[FirefoxDriver: firefox on WINDOWS (dd042b29-a1ee-4401-b1ff-8817c95536b9)] -&gt; name: password]
Trying to click on --[[FirefoxDriver: firefox on WINDOWS (dd042b29-a1ee-4401-b1ff-8817c95536b9)] -&gt; xpath: //input[@type=&apos;submit&apos; and @value=&apos;Login&apos;]]
Clicked on --[[FirefoxDriver: firefox on WINDOWS (dd042b29-a1ee-4401-b1ff-8817c95536b9)] -&gt; xpath: //input[@type=&apos;submit&apos; and @value=&apos;Login&apos;]]
Trying to click on --[[FirefoxDriver: firefox on WINDOWS (dd042b29-a1ee-4401-b1ff-8817c95536b9)] -&gt; xpath: //a[contains(text(),&apos;New Contact&apos;)]]
Exception thrown - org.openqa.selenium.ElementNotVisibleException: Element is not currently visible and so may not be interacted with
Command duration or timeout: 20.18 seconds
Build info: version: &apos;2.53.1&apos;, revision: &apos;a36b8b1cd5757287168e54b817830adce9b0158d&apos;, time: &apos;2016-06-30 19:26:09&apos;
System info: host: &apos;Admin-PC&apos;, ip: &apos;192.168.1.6&apos;, os.name: &apos;Windows 10&apos;, os.arch: &apos;x86&apos;, os.version: &apos;10.0&apos;, java.version: &apos;1.8.0_131&apos;
Driver info: org.openqa.selenium.firefox.FirefoxDriver
Capabilities [{applicationCacheEnabled=true, rotatable=false, handlesAlerts=true, databaseEnabled=true, version=47.0.1, platform=WINDOWS, nativeEvents=false, acceptSslCerts=true, webStorageEnabled=true, locationContextEnabled=true, browserName=firefox, takesScreenshot=true, javascriptEnabled=true, cssSelectorsEnabled=true}]
Session ID: dd042b29-a1ee-4401-b1ff-8817c95536b9
</system-out>
  </testcase>
  <testcase classname="com.crm.testcases.ContactsPageTest" name="selectSingleContactTest" time="5.287"/>
  <testcase classname="com.crm.testcases.HomePageTest" name="verifyHomePageTitleTest" time="0.167"/>
  <testcase classname="com.crm.testcases.LoginPageTest" name="loginPageTitle" time="0.562">
    <failure message="expected [#1 Free CRM for Any Business: Online Customer Relationship Software failing intentinally.] but found [#1 Free CRM software in the cloud for sales and service]" type="java.lang.AssertionError">java.lang.AssertionError: expected [#1 Free CRM for Any Business: Online Customer Relationship Software failing intentinally.] but found [#1 Free CRM software in the cloud for sales and service]
	at org.testng.Assert.fail(Assert.java:94)
	at org.testng.Assert.failNotEquals(Assert.java:494)
	at org.testng.Assert.assertEquals(Assert.java:123)
	at org.testng.Assert.assertEquals(Assert.java:176)
	at org.testng.Assert.assertEquals(Assert.java:186)
	at com.crm.testcases.LoginPageTest.loginPageTitle(LoginPageTest.java:51)
</failure>
    <system-out>Before naivgating to --&apos;https://www.freecrm.com&apos;
Naivgated to --&apos;https://www.freecrm.com&apos;
</system-out>
  </testcase>
  <testcase classname="com.crm.testcases.ContactsPageTest" name="selectMultipleContactTest" time="9.036"/>
  <testcase classname="com.crm.testcases.HomePageTest" name="verifyUserNameTest" time="1.674"/>
  <testcase classname="com.crm.testcases.LoginPageTest" name="crmLogoImageTest" time="1.189"/>
  <testcase classname="com.crm.testcases.HomePageTest" name="verifyContactsLinkTest" time="11.809"/>
  <testcase classname="com.crm.testcases.LoginPageTest" name="loginTest" time="15.455"/>
</testsuite>