<?xml version="1.0" encoding="UTF-8"?>
<testng-results skipped="0" failed="1" total="11" passed="10">
  <reporter-output>
  </reporter-output>
  <suite name="Command line suite" duration-ms="434263" started-at="2018-08-05T10:44:45Z" finished-at="2018-08-05T10:52:00Z">
    <groups>
    </groups>
    <test name="Command line test" duration-ms="434263" started-at="2018-08-05T10:44:45Z" finished-at="2018-08-05T10:52:00Z">
      <class name="com.crm.testcases.HomePageTest">
        <test-method status="PASS" signature="setUp()[pri:0, instance:com.crm.testcases.HomePageTest@17d0578]" name="setUp" is-config="true" duration-ms="36004" started-at="2018-08-05T16:18:07Z" finished-at="2018-08-05T16:18:43Z">
          <reporter-output>
          </reporter-output>
        </test-method> <!-- setUp -->
        <test-method status="PASS" signature="verifyHomePageTitleTest()[pri:0, instance:com.crm.testcases.HomePageTest@17d0578]" name="verifyHomePageTitleTest" duration-ms="70" started-at="2018-08-05T16:18:43Z" finished-at="2018-08-05T16:18:43Z">
          <reporter-output>
          </reporter-output>
        </test-method> <!-- verifyHomePageTitleTest -->
        <test-method status="PASS" signature="tearDown()[pri:0, instance:com.crm.testcases.HomePageTest@17d0578]" name="tearDown" is-config="true" duration-ms="592" started-at="2018-08-05T16:18:43Z" finished-at="2018-08-05T16:18:43Z">
          <reporter-output>
          </reporter-output>
        </test-method> <!-- tearDown -->
        <test-method status="PASS" signature="setUp()[pri:0, instance:com.crm.testcases.HomePageTest@17d0578]" name="setUp" is-config="true" duration-ms="34306" started-at="2018-08-05T16:19:49Z" finished-at="2018-08-05T16:20:24Z">
          <reporter-output>
          </reporter-output>
        </test-method> <!-- setUp -->
        <test-method status="PASS" signature="verifyUserNameTest()[pri:0, instance:com.crm.testcases.HomePageTest@17d0578]" name="verifyUserNameTest" duration-ms="311" started-at="2018-08-05T16:20:24Z" finished-at="2018-08-05T16:20:24Z">
          <reporter-output>
          </reporter-output>
        </test-method> <!-- verifyUserNameTest -->
        <test-method status="PASS" signature="tearDown()[pri:0, instance:com.crm.testcases.HomePageTest@17d0578]" name="tearDown" is-config="true" duration-ms="762" started-at="2018-08-05T16:20:24Z" finished-at="2018-08-05T16:20:25Z">
          <reporter-output>
          </reporter-output>
        </test-method> <!-- tearDown -->
        <test-method status="PASS" signature="setUp()[pri:0, instance:com.crm.testcases.HomePageTest@17d0578]" name="setUp" is-config="true" duration-ms="33177" started-at="2018-08-05T16:20:47Z" finished-at="2018-08-05T16:21:20Z">
          <reporter-output>
          </reporter-output>
        </test-method> <!-- setUp -->
        <test-method status="PASS" signature="verifyContactsLinkTest()[pri:0, instance:com.crm.testcases.HomePageTest@17d0578]" name="verifyContactsLinkTest" duration-ms="483" started-at="2018-08-05T16:21:20Z" finished-at="2018-08-05T16:21:21Z">
          <reporter-output>
          </reporter-output>
        </test-method> <!-- verifyContactsLinkTest -->
        <test-method status="PASS" signature="tearDown()[pri:0, instance:com.crm.testcases.HomePageTest@17d0578]" name="tearDown" is-config="true" duration-ms="1658" started-at="2018-08-05T16:21:21Z" finished-at="2018-08-05T16:21:22Z">
          <reporter-output>
          </reporter-output>
        </test-method> <!-- tearDown -->
      </class> <!-- com.crm.testcases.HomePageTest -->
      <class name="com.crm.testcases.ContactsPageTest">
        <test-method status="PASS" signature="setUp()[pri:0, instance:com.crm.testcases.ContactsPageTest@14bef66]" name="setUp" is-config="true" duration-ms="46068" started-at="2018-08-05T16:14:47Z" finished-at="2018-08-05T16:15:33Z">
          <reporter-output>
          </reporter-output>
        </test-method> <!-- setUp -->
        <test-method status="PASS" signature="validateCreatenewContact(java.lang.String, java.lang.String, java.lang.String, java.lang.String)[pri:0, instance:com.crm.testcases.ContactsPageTest@14bef66]" name="validateCreatenewContact" duration-ms="16624" started-at="2018-08-05T16:15:33Z" data-provider="getCRMTestData" finished-at="2018-08-05T16:15:50Z">
          <params>
            <param index="0">
              <value>
                <![CDATA[Mr.]]>
              </value>
            </param>
            <param index="1">
              <value>
                <![CDATA[Amit]]>
              </value>
            </param>
            <param index="2">
              <value>
                <![CDATA[Kumar]]>
              </value>
            </param>
            <param index="3">
              <value>
                <![CDATA[Amazon]]>
              </value>
            </param>
          </params>
          <reporter-output>
          </reporter-output>
        </test-method> <!-- validateCreatenewContact -->
        <test-method status="PASS" signature="tearDown()[pri:0, instance:com.crm.testcases.ContactsPageTest@14bef66]" name="tearDown" is-config="true" duration-ms="2156" started-at="2018-08-05T16:15:50Z" finished-at="2018-08-05T16:15:52Z">
          <reporter-output>
          </reporter-output>
        </test-method> <!-- tearDown -->
        <test-method status="PASS" signature="setUp()[pri:0, instance:com.crm.testcases.ContactsPageTest@14bef66]" name="setUp" is-config="true" duration-ms="43686" started-at="2018-08-05T16:15:52Z" finished-at="2018-08-05T16:16:36Z">
          <reporter-output>
          </reporter-output>
        </test-method> <!-- setUp -->
        <test-method status="PASS" signature="validateCreatenewContact(java.lang.String, java.lang.String, java.lang.String, java.lang.String)[pri:0, instance:com.crm.testcases.ContactsPageTest@14bef66]" name="validateCreatenewContact" duration-ms="5371" started-at="2018-08-05T16:16:36Z" data-provider="getCRMTestData" finished-at="2018-08-05T16:16:41Z">
          <params>
            <param index="0">
              <value>
                <![CDATA[Dr.]]>
              </value>
            </param>
            <param index="1">
              <value>
                <![CDATA[Amitabh]]>
              </value>
            </param>
            <param index="2">
              <value>
                <![CDATA[Bachhan]]>
              </value>
            </param>
            <param index="3">
              <value>
                <![CDATA[Google]]>
              </value>
            </param>
          </params>
          <reporter-output>
          </reporter-output>
        </test-method> <!-- validateCreatenewContact -->
        <test-method status="PASS" signature="tearDown()[pri:0, instance:com.crm.testcases.ContactsPageTest@14bef66]" name="tearDown" is-config="true" duration-ms="905" started-at="2018-08-05T16:16:41Z" finished-at="2018-08-05T16:16:42Z">
          <reporter-output>
          </reporter-output>
        </test-method> <!-- tearDown -->
        <test-method status="PASS" signature="setUp()[pri:0, instance:com.crm.testcases.ContactsPageTest@14bef66]" name="setUp" is-config="true" duration-ms="34490" started-at="2018-08-05T16:16:42Z" finished-at="2018-08-05T16:17:17Z">
          <reporter-output>
          </reporter-output>
        </test-method> <!-- setUp -->
        <test-method status="PASS" signature="validateCreatenewContact(java.lang.String, java.lang.String, java.lang.String, java.lang.String)[pri:0, instance:com.crm.testcases.ContactsPageTest@14bef66]" name="validateCreatenewContact" duration-ms="8507" started-at="2018-08-05T16:17:17Z" data-provider="getCRMTestData" finished-at="2018-08-05T16:17:25Z">
          <params>
            <param index="0">
              <value>
                <![CDATA[Mrs.]]>
              </value>
            </param>
            <param index="1">
              <value>
                <![CDATA[Shreya]]>
              </value>
            </param>
            <param index="2">
              <value>
                <![CDATA[Kumari]]>
              </value>
            </param>
            <param index="3">
              <value>
                <![CDATA[Microsoft]]>
              </value>
            </param>
          </params>
          <reporter-output>
          </reporter-output>
        </test-method> <!-- validateCreatenewContact -->
        <test-method status="PASS" signature="tearDown()[pri:0, instance:com.crm.testcases.ContactsPageTest@14bef66]" name="tearDown" is-config="true" duration-ms="2463" started-at="2018-08-05T16:17:25Z" finished-at="2018-08-05T16:17:27Z">
          <reporter-output>
          </reporter-output>
        </test-method> <!-- tearDown -->
        <test-method status="PASS" signature="setUp()[pri:0, instance:com.crm.testcases.ContactsPageTest@14bef66]" name="setUp" is-config="true" duration-ms="35705" started-at="2018-08-05T16:17:27Z" finished-at="2018-08-05T16:18:03Z">
          <reporter-output>
          </reporter-output>
        </test-method> <!-- setUp -->
        <test-method status="PASS" signature="selectSingleContactTest()[pri:0, instance:com.crm.testcases.ContactsPageTest@14bef66]" name="selectSingleContactTest" duration-ms="2903" started-at="2018-08-05T16:18:03Z" finished-at="2018-08-05T16:18:06Z">
          <reporter-output>
          </reporter-output>
        </test-method> <!-- selectSingleContactTest -->
        <test-method status="PASS" signature="tearDown()[pri:0, instance:com.crm.testcases.ContactsPageTest@14bef66]" name="tearDown" is-config="true" duration-ms="721" started-at="2018-08-05T16:18:06Z" finished-at="2018-08-05T16:18:07Z">
          <reporter-output>
          </reporter-output>
        </test-method> <!-- tearDown -->
        <test-method status="PASS" signature="setUp()[pri:0, instance:com.crm.testcases.ContactsPageTest@14bef66]" name="setUp" is-config="true" duration-ms="38127" started-at="2018-08-05T16:19:06Z" finished-at="2018-08-05T16:19:44Z">
          <reporter-output>
          </reporter-output>
        </test-method> <!-- setUp -->
        <test-method status="PASS" signature="selectMultipleContactTest()[pri:0, instance:com.crm.testcases.ContactsPageTest@14bef66]" name="selectMultipleContactTest" duration-ms="4474" started-at="2018-08-05T16:19:44Z" finished-at="2018-08-05T16:19:48Z">
          <reporter-output>
          </reporter-output>
        </test-method> <!-- selectMultipleContactTest -->
        <test-method status="PASS" signature="tearDown()[pri:0, instance:com.crm.testcases.ContactsPageTest@14bef66]" name="tearDown" is-config="true" duration-ms="772" started-at="2018-08-05T16:19:48Z" finished-at="2018-08-05T16:19:49Z">
          <reporter-output>
          </reporter-output>
        </test-method> <!-- tearDown -->
      </class> <!-- com.crm.testcases.ContactsPageTest -->
      <class name="com.crm.testcases.LoginPageTest">
        <test-method status="PASS" signature="setUp()[pri:0, instance:com.crm.testcases.LoginPageTest@1fb3ab6]" name="setUp" is-config="true" duration-ms="20033" started-at="2018-08-05T16:18:43Z" finished-at="2018-08-05T16:19:04Z">
          <reporter-output>
          </reporter-output>
        </test-method> <!-- setUp -->
        <test-method status="FAIL" signature="loginPageTitle()[pri:0, instance:com.crm.testcases.LoginPageTest@1fb3ab6]" name="loginPageTitle" duration-ms="455" started-at="2018-08-05T16:19:04Z" finished-at="2018-08-05T16:19:04Z">
          <exception class="java.lang.AssertionError">
            <message>
              <![CDATA[expected [#1 Free CRM for Any Business: Online Customer Relationship Software failing intentinally.] but found [#1 Free CRM software in the cloud for sales and service]]]>
            </message>
            <full-stacktrace>
              <![CDATA[java.lang.AssertionError: expected [#1 Free CRM for Any Business: Online Customer Relationship Software failing intentinally.] but found [#1 Free CRM software in the cloud for sales and service]
	at org.testng.Assert.fail(Assert.java:94)
	at org.testng.Assert.failNotEquals(Assert.java:494)
	at org.testng.Assert.assertEquals(Assert.java:123)
	at org.testng.Assert.assertEquals(Assert.java:176)
	at org.testng.Assert.assertEquals(Assert.java:186)
	at com.crm.testcases.LoginPageTest.loginPageTitle(LoginPageTest.java:51)
	at sun.reflect.NativeMethodAccessorImpl.invoke0(Native Method)
	at sun.reflect.NativeMethodAccessorImpl.invoke(NativeMethodAccessorImpl.java:62)
	at sun.reflect.DelegatingMethodAccessorImpl.invoke(DelegatingMethodAccessorImpl.java:43)
	at java.lang.reflect.Method.invoke(Method.java:498)
	at org.testng.internal.MethodInvocationHelper.invokeMethod(MethodInvocationHelper.java:80)
	at org.testng.internal.Invoker.invokeMethod(Invoker.java:714)
	at org.testng.internal.Invoker.invokeTestMethod(Invoker.java:901)
	at org.testng.internal.Invoker.invokeTestMethods(Invoker.java:1231)
	at org.testng.internal.TestMethodWorker.invokeTestMethods(TestMethodWorker.java:127)
	at org.testng.internal.TestMethodWorker.run(TestMethodWorker.java:111)
	at org.testng.TestRunner.privateRun(TestRunner.java:767)
	at org.testng.TestRunner.run(TestRunner.java:617)
	at org.testng.SuiteRunner.runTest(SuiteRunner.java:334)
	at org.testng.SuiteRunner.runSequentially(SuiteRunner.java:329)
	at org.testng.SuiteRunner.privateRun(SuiteRunner.java:291)
	at org.testng.SuiteRunner.run(SuiteRunner.java:240)
	at org.testng.SuiteRunnerWorker.runSuite(SuiteRunnerWorker.java:52)
	at org.testng.SuiteRunnerWorker.run(SuiteRunnerWorker.java:86)
	at org.testng.TestNG.runSuitesSequentially(TestNG.java:1198)
	at org.testng.TestNG.runSuitesLocally(TestNG.java:1123)
	at org.testng.TestNG.run(TestNG.java:1031)
	at org.apache.maven.surefire.testng.TestNGExecutor.run(TestNGExecutor.java:77)
	at org.apache.maven.surefire.testng.TestNGDirectoryTestSuite.executeMulti(TestNGDirectoryTestSuite.java:159)
	at org.apache.maven.surefire.testng.TestNGDirectoryTestSuite.execute(TestNGDirectoryTestSuite.java:99)
	at org.apache.maven.surefire.testng.TestNGProvider.invoke(TestNGProvider.java:106)
	at sun.reflect.NativeMethodAccessorImpl.invoke0(Native Method)
	at sun.reflect.NativeMethodAccessorImpl.invoke(NativeMethodAccessorImpl.java:62)
	at sun.reflect.DelegatingMethodAccessorImpl.invoke(DelegatingMethodAccessorImpl.java:43)
	at java.lang.reflect.Method.invoke(Method.java:498)
	at org.apache.maven.surefire.util.ReflectionUtils.invokeMethodWithArray(ReflectionUtils.java:189)
	at org.apache.maven.surefire.booter.ProviderFactory$ProviderProxy.invoke(ProviderFactory.java:165)
	at org.apache.maven.surefire.booter.ProviderFactory.invokeProvider(ProviderFactory.java:85)
	at org.apache.maven.surefire.booter.ForkedBooter.runSuitesInProcess(ForkedBooter.java:115)
	at org.apache.maven.surefire.booter.ForkedBooter.main(ForkedBooter.java:75)
]]>
            </full-stacktrace>
          </exception> <!-- java.lang.AssertionError -->
          <reporter-output>
          </reporter-output>
        </test-method> <!-- loginPageTitle -->
        <test-method status="PASS" signature="tearDown()[pri:0, instance:com.crm.testcases.LoginPageTest@1fb3ab6]" name="tearDown" is-config="true" duration-ms="1870" started-at="2018-08-05T16:19:04Z" finished-at="2018-08-05T16:19:06Z">
          <reporter-output>
          </reporter-output>
        </test-method> <!-- tearDown -->
        <test-method status="PASS" signature="setUp()[pri:0, instance:com.crm.testcases.LoginPageTest@1fb3ab6]" name="setUp" is-config="true" duration-ms="20756" started-at="2018-08-05T16:20:25Z" finished-at="2018-08-05T16:20:45Z">
          <reporter-output>
          </reporter-output>
        </test-method> <!-- setUp -->
        <test-method status="PASS" signature="crmLogoImageTest()[pri:0, instance:com.crm.testcases.LoginPageTest@1fb3ab6]" name="crmLogoImageTest" duration-ms="783" started-at="2018-08-05T16:20:45Z" finished-at="2018-08-05T16:20:46Z">
          <reporter-output>
          </reporter-output>
        </test-method> <!-- crmLogoImageTest -->
        <test-method status="PASS" signature="tearDown()[pri:0, instance:com.crm.testcases.LoginPageTest@1fb3ab6]" name="tearDown" is-config="true" duration-ms="792" started-at="2018-08-05T16:20:46Z" finished-at="2018-08-05T16:20:47Z">
          <reporter-output>
          </reporter-output>
        </test-method> <!-- tearDown -->
        <test-method status="PASS" signature="setUp()[pri:0, instance:com.crm.testcases.LoginPageTest@1fb3ab6]" name="setUp" is-config="true" duration-ms="20876" started-at="2018-08-05T16:21:22Z" finished-at="2018-08-05T16:21:43Z">
          <reporter-output>
          </reporter-output>
        </test-method> <!-- setUp -->
        <test-method status="PASS" signature="loginTest()[pri:0, instance:com.crm.testcases.LoginPageTest@1fb3ab6]" name="loginTest" duration-ms="15893" started-at="2018-08-05T16:21:43Z" finished-at="2018-08-05T16:21:59Z">
          <reporter-output>
          </reporter-output>
        </test-method> <!-- loginTest -->
        <test-method status="PASS" signature="tearDown()[pri:0, instance:com.crm.testcases.LoginPageTest@1fb3ab6]" name="tearDown" is-config="true" duration-ms="717" started-at="2018-08-05T16:21:59Z" finished-at="2018-08-05T16:22:00Z">
          <reporter-output>
          </reporter-output>
        </test-method> <!-- tearDown -->
      </class> <!-- com.crm.testcases.LoginPageTest -->
    </test> <!-- Command line test -->
  </suite> <!-- Command line suite -->
</testng-results>
